2026-05-19T10:07:05.2424280Z,Updating submodules.,2d520c3a-b668-48f0-ba2c-de45938cfbe6,0
2026-05-19T10:07:06.5854339Z,Preparing deployment for commit id 'b4a782da-b'.,30ce9035-5c54-45ec-84a5-d8528f8cc2c2,0
2026-05-19T10:07:08.0902444Z,PreDeployment: context.CleanOutputPath False,1ec00a32-cd08-44c7-90b5-19b934e45657,0
2026-05-19T10:07:08.4140798Z,PreDeployment: context.OutputPath /home/site/wwwroot,62f60cd1-0b86-4eba-a8b9-9f6bfb90044f,0
2026-05-19T10:07:08.7380646Z,Running build. Project type: OneDeploy,5ac6f88d-8d3c-42aa-bc71-9350bac629a8,0
2026-05-19T10:07:09.2236290Z,Copying the manifest,649c1f34-e29e-4124-8b70-b13010fb1174,0
2026-05-19T10:07:09.5965040Z,NodeProjectOptimizer Initialized with repository path: /tmp/zipdeploy/extracted and output path: /home/site/wwwroot ,2dbf33b9-cb40-4eff-8789-eb23ac3170d9,0
2026-05-19T10:07:09.9648169Z,Optimizing build...,a08053a4-22af-4762-a595-d53a85379220,0
2026-05-19T10:07:10.2547760Z,Zipping node_modules...,c21bca16-8382-49cd-80b6-356bf8289614,0
	2026-05-19T10:07:10.2714186Z,Command: /opt/Kudu/Scripts/absoluteTar.sh /tmp/zipdeploy/extracted/node_modules /tmp/zipdeploy/extracted/node_modules.tar.gz,,0
	2026-05-19T10:08:58.9447104Z,Zipped /tmp/zipdeploy/extracted/node_modules to /tmp/zipdeploy/extracted/node_modules.tar.gz done successfully,,0
2026-05-19T10:08:59.1883273Z,Zipped Node Modules to /tmp/zipdeploy/extracted/node_modules.tar.gz,9263046d-9efc-4267-bd5e-b33329d10524,0
2026-05-19T10:08:59.4360313Z,Express Node Deploy: Running rsync...,404b4e04-5352-4784-b31b-b5465cabca9b,0
	2026-05-19T10:08:59.4447278Z,Command: /opt/Kudu/Scripts/parallel_rsync.sh /tmp/zipdeploy/extracted /home/site/wwwroot 8 /tmp/ False False node_modules ,,0
	2026-05-19T10:08:59.6846893Z,Run rsync from: /tmp/zipdeploy/extracted/ to: /home/site/wwwroot/ in 8 parallel threads,,0
	2026-05-19T10:08:59.7621212Z,Delete options: clean=False&comma; use manifest=False&comma; directory to ignore=node_modules,,0
	2026-05-19T10:08:59.7869198Z,Prev manifest = /home/site/deployments/5f7f6b82-1f87-43bf-99d1-2bd221a3f094/manifest and next /home/site/deployments/b4a782da-bd39-4520-8f4a-d36ec4465394/manifest,,0
	2026-05-19T10:08:59.8332239Z,Cleaning up /tmp//filelist.txt and /tmp//splits,,0
	2026-05-19T10:08:59.8418997Z,Creating a list of all files at /tmp//filelist.txt,,0
	2026-05-19T10:08:59.8615542Z,Excluding: node_modules,,0
	2026-05-19T10:08:59.9052137Z,Created /tmp//filelist.txt. Total number of files to be synced = 23.,,0
	2026-05-19T10:09:00.0060855Z,Created batches from the list of files. Processing 3 files in each thread,,0
	2026-05-19T10:09:00.1068887Z,Running rsync for filelist /tmp//splits/split.ab from /tmp/zipdeploy/extracted/ to /home/site/wwwroot/,,0
	2026-05-19T10:09:00.1248315Z,Running rsync for filelist /tmp//splits/split.ac from /tmp/zipdeploy/extracted/ to /home/site/wwwroot/,,0
	2026-05-19T10:09:00.1445972Z,Running rsync for filelist /tmp//splits/split.aa from /tmp/zipdeploy/extracted/ to /home/site/wwwroot/,,0
	2026-05-19T10:09:00.1626478Z,Running rsync for filelist /tmp//splits/split.ad from /tmp/zipdeploy/extracted/ to /home/site/wwwroot/,,0
	2026-05-19T10:09:00.1725945Z,Running rsync for filelist /tmp//splits/split.ae from /tmp/zipdeploy/extracted/ to /home/site/wwwroot/,,0
	2026-05-19T10:09:00.2384836Z,Running rsync for filelist /tmp//splits/split.af from /tmp/zipdeploy/extracted/ to /home/site/wwwroot/,,0
	2026-05-19T10:09:00.2592686Z,Running rsync for filelist /tmp//splits/split.ag from /tmp/zipdeploy/extracted/ to /home/site/wwwroot/,,0
	2026-05-19T10:09:00.2750295Z,Running rsync for filelist /tmp//splits/split.ah from /tmp/zipdeploy/extracted/ to /home/site/wwwroot/,,0
	2026-05-19T10:09:00.8852915Z,,,0
	2026-05-19T10:09:00.9312141Z,Number of files: 3 (reg: 2&comma; dir: 1),,0
	2026-05-19T10:09:00.9696132Z,Number of created files: 0,,0
	2026-05-19T10:09:01.0009025Z,Number of deleted files: 0,,0
	2026-05-19T10:09:01.0955809Z,Number of regular files transferred: 2,,0
	2026-05-19T10:09:02.1633046Z,Total file size: 1.12M bytes,,0
	2026-05-19T10:09:03.6704074Z,Total transferred file size: 1.12M bytes,,0
	2026-05-19T10:09:03.8740135Z,Literal data: 1.12M bytes,,0
	2026-05-19T10:09:03.8896219Z,Matched data: 0 bytes,,0
	2026-05-19T10:09:03.9032945Z,File list size: 0,,0
	2026-05-19T10:09:03.9469616Z,File list generation time: 0.001 seconds,,0
	2026-05-19T10:09:03.9542183Z,File list transfer time: 0.000 seconds,,0
	2026-05-19T10:09:03.9717610Z,Total bytes sent: 1.00M,,0
	2026-05-19T10:09:04.0180305Z,Total bytes received: 57,,0
	2026-05-19T10:09:04.0274293Z,,,0
	2026-05-19T10:09:04.0457210Z,sent 1.00M bytes  received 57 bytes  2.00M bytes/sec,,0
	2026-05-19T10:09:04.0872648Z,total size is 1.12M  speedup is 1.12,,0
	2026-05-19T10:09:04.1157738Z,Attempt 1: Rsync for filelist /tmp//splits/split.ah completed with exit code 0,,0
	2026-05-19T10:09:04.1304901Z,,,0
	2026-05-19T10:09:04.1404728Z,Number of files: 4 (reg: 3&comma; dir: 1),,0
	2026-05-19T10:09:04.1766576Z,Number of created files: 0,,0
	2026-05-19T10:09:04.2046606Z,Number of deleted files: 0,,0
	2026-05-19T10:09:04.2238214Z,Number of regular files transferred: 3,,0
	2026-05-19T10:09:04.2385311Z,Total file size: 1.03M bytes,,0
	2026-05-19T10:09:04.2534398Z,Total transferred file size: 1.03M bytes,,0
	2026-05-19T10:09:04.2643989Z,Literal data: 1.03M bytes,,0
	2026-05-19T10:09:04.2714165Z,Matched data: 0 bytes,,0
	2026-05-19T10:09:04.2823921Z,File list size: 0,,0
	2026-05-19T10:09:04.3008257Z,File list generation time: 0.001 seconds,,0
	2026-05-19T10:09:04.3049232Z,File list transfer time: 0.000 seconds,,0
	2026-05-19T10:09:04.3174765Z,Total bytes sent: 1.03M,,0
	2026-05-19T10:09:04.3433299Z,Total bytes received: 76,,0
	2026-05-19T10:09:04.3536579Z,,,0
	2026-05-19T10:09:04.3689967Z,sent 1.03M bytes  received 76 bytes  2.06M bytes/sec,,0
	2026-05-19T10:09:04.3986644Z,total size is 1.03M  speedup is 1.00,,0
	2026-05-19T10:09:04.4059410Z,Attempt 1: Rsync for filelist /tmp//splits/split.af completed with exit code 0,,0
	2026-05-19T10:09:04.4260290Z,,,0
	2026-05-19T10:09:04.4299345Z,Number of files: 4 (reg: 3&comma; dir: 1),,0
	2026-05-19T10:09:04.4338755Z,Number of created files: 0,,0
	2026-05-19T10:09:04.4375327Z,Number of deleted files: 0,,0
	2026-05-19T10:09:04.4606384Z,Number of regular files transferred: 3,,0
	2026-05-19T10:09:04.4668263Z,Total file size: 61.42K bytes,,0
	2026-05-19T10:09:04.4717072Z,Total transferred file size: 61.42K bytes,,0
	2026-05-19T10:09:04.4757699Z,Literal data: 61.42K bytes,,0
	2026-05-19T10:09:04.4891486Z,Matched data: 0 bytes,,0
	2026-05-19T10:09:04.4968721Z,File list size: 0,,0
	2026-05-19T10:09:04.5016926Z,File list generation time: 0.001 seconds,,0
	2026-05-19T10:09:04.5071804Z,File list transfer time: 0.000 seconds,,0
	2026-05-19T10:09:04.5350196Z,Total bytes sent: 59.48K,,0
	2026-05-19T10:09:04.5609806Z,Total bytes received: 76,,0
	2026-05-19T10:09:04.5712973Z,,,0
	2026-05-19T10:09:04.6076944Z,sent 59.48K bytes  received 76 bytes  39.70K bytes/sec,,0
	2026-05-19T10:09:04.6265418Z,total size is 61.42K  speedup is 1.03,,0
	2026-05-19T10:09:04.6574822Z,Attempt 1: Rsync for filelist /tmp//splits/split.ab completed with exit code 0,,0
	2026-05-19T10:09:04.6855296Z,,,0
	2026-05-19T10:09:04.6897551Z,Number of files: 4 (reg: 3&comma; dir: 1),,0
	2026-05-19T10:09:04.6935016Z,Number of created files: 0,,0
	2026-05-19T10:09:04.6985254Z,Number of deleted files: 0,,0
	2026-05-19T10:09:04.7035209Z,Number of regular files transferred: 3,,0
	2026-05-19T10:09:04.7083709Z,Total file size: 186.61K bytes,,0
	2026-05-19T10:09:04.7181898Z,Total transferred file size: 186.61K bytes,,0
	2026-05-19T10:09:04.7486006Z,Literal data: 186.61K bytes,,0
	2026-05-19T10:09:04.7666797Z,Matched data: 0 bytes,,0
	2026-05-19T10:09:04.7707620Z,File list size: 0,,0
	2026-05-19T10:09:04.7746269Z,File list generation time: 0.001 seconds,,0
	2026-05-19T10:09:04.7812653Z,File list transfer time: 0.000 seconds,,0
	2026-05-19T10:09:04.7852138Z,Total bytes sent: 186.73K,,0
	2026-05-19T10:09:04.7896533Z,Total bytes received: 76,,0
	2026-05-19T10:09:04.7938594Z,,,0
	2026-05-19T10:09:04.8182133Z,sent 186.73K bytes  received 76 bytes  124.54K bytes/sec,,0
	2026-05-19T10:09:04.8286723Z,total size is 186.61K  speedup is 1.00,,0
	2026-05-19T10:09:04.8331396Z,Attempt 1: Rsync for filelist /tmp//splits/split.ae completed with exit code 0,,0
	2026-05-19T10:09:04.8371979Z,,,0
	2026-05-19T10:09:04.8445504Z,Number of files: 4 (reg: 3&comma; dir: 1),,0
	2026-05-19T10:09:04.8647887Z,Number of created files: 0,,0
	2026-05-19T10:09:04.8698551Z,Number of deleted files: 0,,0
	2026-05-19T10:09:04.8736680Z,Number of regular files transferred: 3,,0
	2026-05-19T10:09:04.8895081Z,Total file size: 337.45K bytes,,0
	2026-05-19T10:09:04.9085859Z,Total transferred file size: 337.45K bytes,,0
	2026-05-19T10:09:04.9219464Z,Literal data: 337.45K bytes,,0
	2026-05-19T10:09:04.9384293Z,Matched data: 0 bytes,,0
	2026-05-19T10:09:04.9990590Z,File list size: 0,,0
	2026-05-19T10:09:05.0077822Z,File list generation time: 0.001 seconds,,0
	2026-05-19T10:09:05.0373084Z,File list transfer time: 0.000 seconds,,0
	2026-05-19T10:09:05.0418176Z,Total bytes sent: 335.81K,,0
	2026-05-19T10:09:05.0464721Z,Total bytes received: 76,,0
	2026-05-19T10:09:05.0504747Z,,,0
	2026-05-19T10:09:05.0710835Z,sent 335.81K bytes  received 76 bytes  223.92K bytes/sec,,0
	2026-05-19T10:09:05.0787133Z,total size is 337.45K  speedup is 1.00,,0
	2026-05-19T10:09:05.0841340Z,Attempt 1: Rsync for filelist /tmp//splits/split.ag completed with exit code 0,,0
	2026-05-19T10:09:05.0898738Z,,,0
	2026-05-19T10:09:05.0938500Z,Number of files: 4 (reg: 3&comma; dir: 1),,0
	2026-05-19T10:09:05.1008679Z,Number of created files: 0,,0
	2026-05-19T10:09:05.1052831Z,Number of deleted files: 0,,0
	2026-05-19T10:09:05.1103470Z,Number of regular files transferred: 3,,0
	2026-05-19T10:09:05.1148054Z,Total file size: 372.81K bytes,,0
	2026-05-19T10:09:05.1187046Z,Total transferred file size: 372.81K bytes,,0
	2026-05-19T10:09:05.1220019Z,Literal data: 372.81K bytes,,0
	2026-05-19T10:09:05.1282884Z,Matched data: 0 bytes,,0
	2026-05-19T10:09:05.1481875Z,File list size: 0,,0
	2026-05-19T10:09:05.1807085Z,File list generation time: 0.001 seconds,,0
	2026-05-19T10:09:05.1884262Z,File list transfer time: 0.000 seconds,,0
	2026-05-19T10:09:05.1982430Z,Total bytes sent: 370.82K,,0
	2026-05-19T10:09:05.2149389Z,Total bytes received: 76,,0
	2026-05-19T10:09:05.2512042Z,,,0
	2026-05-19T10:09:05.2569317Z,sent 370.82K bytes  received 76 bytes  247.27K bytes/sec,,0
	2026-05-19T10:09:05.2670295Z,total size is 372.81K  speedup is 1.01,,0
	2026-05-19T10:09:05.3003300Z,Attempt 1: Rsync for filelist /tmp//splits/split.ac completed with exit code 0,,0
	2026-05-19T10:09:05.3103828Z,,,0
	2026-05-19T10:09:05.3333466Z,Number of files: 4 (reg: 3&comma; dir: 1),,0
	2026-05-19T10:09:05.3597074Z,Number of created files: 0,,0
	2026-05-19T10:09:05.3689169Z,Number of deleted files: 0,,0
	2026-05-19T10:09:05.3822217Z,Number of regular files transferred: 3,,0
	2026-05-19T10:09:05.3904183Z,Total file size: 101.80K bytes,,0
	2026-05-19T10:09:05.3986548Z,Total transferred file size: 101.80K bytes,,0
	2026-05-19T10:09:05.4201285Z,Literal data: 101.80K bytes,,0
	2026-05-19T10:09:05.4313025Z,Matched data: 0 bytes,,0
	2026-05-19T10:09:05.4465057Z,File list size: 0,,0
	2026-05-19T10:09:05.4555099Z,File list generation time: 0.001 seconds,,0
	2026-05-19T10:09:05.4718702Z,File list transfer time: 0.000 seconds,,0
	2026-05-19T10:09:05.4802260Z,Total bytes sent: 101.60K,,0
	2026-05-19T10:09:05.4882945Z,Total bytes received: 76,,0
	2026-05-19T10:09:05.4973033Z,,,0
	2026-05-19T10:09:05.5048711Z,sent 101.60K bytes  received 76 bytes  67.79K bytes/sec,,0
	2026-05-19T10:09:05.5167793Z,total size is 101.80K  speedup is 1.00,,0
	2026-05-19T10:09:05.5554104Z,Attempt 1: Rsync for filelist /tmp//splits/split.ad completed with exit code 0,,0
	2026-05-19T10:09:05.5724248Z,,,0
	2026-05-19T10:09:05.5815012Z,Number of files: 3 (reg: 3),,0
	2026-05-19T10:09:05.5907684Z,Number of created files: 0,,0
	2026-05-19T10:09:05.6066020Z,Number of deleted files: 0,,0
	2026-05-19T10:09:05.6343353Z,Number of regular files transferred: 3,,0
	2026-05-19T10:09:05.6436417Z,Total file size: 154.82M bytes,,0
	2026-05-19T10:09:05.6513167Z,Total transferred file size: 154.82M bytes,,0
	2026-05-19T10:09:05.6614475Z,Literal data: 154.82M bytes,,0
	2026-05-19T10:09:05.6723649Z,Matched data: 0 bytes,,0
	2026-05-19T10:09:05.6788350Z,File list size: 0,,0
	2026-05-19T10:09:05.6876949Z,File list generation time: 0.001 seconds,,0
	2026-05-19T10:09:05.6972039Z,File list transfer time: 0.000 seconds,,0
	2026-05-19T10:09:05.7061866Z,Total bytes sent: 154.52M,,0
	2026-05-19T10:09:05.7238335Z,Total bytes received: 73,,0
	2026-05-19T10:09:05.7508007Z,,,0
	2026-05-19T10:09:05.7589343Z,sent 154.52M bytes  received 73 bytes  28.09M bytes/sec,,0
	2026-05-19T10:09:05.7676183Z,total size is 154.82M  speedup is 1.00,,0
	2026-05-19T10:09:05.7713999Z,Attempt 1: Rsync for filelist /tmp//splits/split.aa completed with exit code 0,,0
	2026-05-19T10:09:05.7867366Z,Completed successfully in 6 seconds,,0
2026-05-19T10:09:05.9656516Z,Rsync completed to /home/site/wwwroot,2504f75e-5c93-4314-b3c2-a958d0d5909c,0
2026-05-19T10:09:06.2014158Z,Manifest created at /home/site/wwwroot,1826fb67-b9b6-4e5e-b6b1-09e2c681430c,0
2026-05-19T10:09:06.3933669Z,Optimized build done with success: True,64b74cca-39fc-4864-9f5c-df03b3f935f3,0
2026-05-19T10:09:06.5980718Z,Build completed succesfully.,f459bb2c-4950-4475-b8f0-db2a027320a3,0
2026-05-19T10:09:06.7485481Z,Running post deployment command(s)...,da3938d1-b3b1-4791-8cd8-80bd3e18170b,0
2026-05-19T10:09:06.9559798Z,Triggering container recycle for OneDeploy by adding/updating restartTrigger.txt to the site root path,7063eca1-cbf8-4dbf-96a6-27bfa7ac353e,0
2026-05-19T10:09:07.1440977Z,Deployment successful. deployer = OneDeploy deploymentPath = OneDeploy,fddd1077-d997-4d05-94e7-ee3d011c4d2e,0
